<?xml version="1.0" encoding="UTF-8"?>
<!-- Generated by org.testng.reporters.JUnitXMLReporter -->
<testsuite hostname="kapil3894" ignored="0" name="Test-Nexus-5_API-26" tests="1" failures="1" timestamp="08 Aug 2018 05:46:53 GMT" time="102.414" errors="0">
  <testcase name="feature" time="101.619" classname="cucumber.api.testng.AbstractTestNGCucumberTests">
    <failure type="cucumber.runtime.CucumberException" message="java.lang.NullPointerException: Please provide a valid record in the data file!!!">
      <![CDATA[cucumber.runtime.CucumberException: java.lang.NullPointerException: Please provide a valid record in the data file!!!
at cucumber.api.testng.TestNGCucumberRunner.runCucumber(TestNGCucumberRunner.java:69)
at cucumber.api.testng.AbstractTestNGCucumberTests.feature(AbstractTestNGCucumberTests.java:21)
at java.util.concurrent.FutureTask.run(FutureTask.java:266)
at java.util.concurrent.ThreadPoolExecutor.runWorker(ThreadPoolExecutor.java:1142)
at java.util.concurrent.ThreadPoolExecutor$Worker.run(ThreadPoolExecutor.java:617)
at java.lang.Thread.run(Thread.java:745)
Caused by: java.lang.NullPointerException: Please provide a valid record in the data file!!!
at org.framework.adib.selendroidTestApp.StepDefinition.SelendroidTest.unser_provides_valid_details_and_click_on_submit_button(SelendroidTest.java:60)
at ✽.And Unser provides valid details and click on submit button(src/test/java/org/framework/adib/selendroidTestApp/Feature/MyApplicationFeature.feature:7)
... Removed 16 stack frames]]>
    </failure>
  </testcase> <!-- feature -->
</testsuite> <!-- Test-Nexus-5_API-26 -->
